Removed Pin From Net: NetName=LSE_IN Pin=U?-3
Removed Pin From Net: NetName=LSE_OUT Pin=U?-4
Removed Pin From Net: NetName=HSE_IN Pin=U?-5
Removed Pin From Net: NetName=HSE_OUT Pin=U?-6
Removed Pin From Net: NetName=nRST Pin=U?-7
Removed Pin From Net: NetName=ENA Pin=U?-10
Removed Pin From Net: NetName=ENB Pin=U?-11
Removed Pin From Net: NetName=DEBUG_RX Pin=U?-12
Removed Pin From Net: NetName=DEBUG_TX Pin=U?-13
Removed Pin From Net: NetName=IN1 Pin=U?-19
Removed Pin From Net: NetName=OLED_SCL Pin=U?-21
Removed Pin From Net: NetName=OLED_SDA Pin=U?-22
Removed Pin From Net: NetName=IN2 Pin=U?-26
Removed Pin From Net: NetName=IN3 Pin=U?-27
Removed Pin From Net: NetName=IN4 Pin=U?-28
Removed Pin From Net: NetName=RED Pin=U?-29
Removed Pin From Net: NetName=GREEN Pin=U?-30
Removed Pin From Net: NetName=BLUE Pin=U?-31
Removed Pin From Net: NetName=USB_DM Pin=U?-32
Removed Pin From Net: NetName=USB_DP Pin=U?-33
Removed Pin From Net: NetName=SWDIO Pin=U?-34
Removed Pin From Net: NetName=SWCLK Pin=U?-37
Removed Pin From Net: NetName=MPU_SCL Pin=U?-42
Removed Pin From Net: NetName=MPU_SDA Pin=U?-43
Removed Pin From Net: NetName=BOOT0 Pin=U?-44
Change Component Footprint: Designator=P? Old Footprint=61300411121 New Footprint=61300411121
Change Component Footprint: Designator=P? Old Footprint=61300411121 New Footprint=61300411121
Change Component Footprint: Designator=P? Old Footprint=61900311021 New Footprint=61900311021
Change Component Footprint: Designator=  Old Footprint=FP-2130830005-MFG New Footprint=FP-2130830005-MFG
Change Component Designator: OldDesignator=C? NewDesignator=C1
Change Component Designator: OldDesignator=C? NewDesignator=C2
Change Component Designator: OldDesignator=C? NewDesignator=C3
Change Component Designator: OldDesignator=C? NewDesignator=C4
Change Component Designator: OldDesignator=C? NewDesignator=C5
Change Component Designator: OldDesignator=C? NewDesignator=C6
Change Component Designator: OldDesignator=C? NewDesignator=C7
Change Component Designator: OldDesignator=C? NewDesignator=C8
Change Component Designator: OldDesignator=C? NewDesignator=C9
Change Component Designator: OldDesignator=C? NewDesignator=C10
Change Component Designator: OldDesignator=C? NewDesignator=C11
Change Component Designator: OldDesignator=C? NewDesignator=C12
Change Component Designator: OldDesignator=C? NewDesignator=C13
Change Component Designator: OldDesignator=C? NewDesignator=C14
Change Component Designator: OldDesignator=C? NewDesignator=C15
Change Component Designator: OldDesignator=C? NewDesignator=C16
Change Component Designator: OldDesignator=C? NewDesignator=C17
Change Component Designator: OldDesignator=C? NewDesignator=C18
Change Component Designator: OldDesignator=D? NewDesignator=D1
Change Component Designator: OldDesignator=D? NewDesignator=D2
Change Component Designator: OldDesignator=D? NewDesignator=D3
Change Component Designator: OldDesignator=J? NewDesignator=J1
Change Component Designator: OldDesignator=J? NewDesignator=J2
Change Component Designator: OldDesignator=J? NewDesignator=J3
Change Component Designator: OldDesignator=J? NewDesignator=J4
Change Component Designator: OldDesignator=P? NewDesignator=P1
Change Component Designator: OldDesignator=P? NewDesignator=P2
Change Component Designator: OldDesignator=P? NewDesignator=P3
Change Component Designator: OldDesignator=R? NewDesignator=R1
Change Component Designator: OldDesignator=R? NewDesignator=R2
Change Component Designator: OldDesignator=R? NewDesignator=R3
Change Component Designator: OldDesignator=R? NewDesignator=R4
Change Component Designator: OldDesignator=R? NewDesignator=R5
Change Component Designator: OldDesignator=R? NewDesignator=R6
Change Component Designator: OldDesignator=R? NewDesignator=R7
Change Component Designator: OldDesignator=R? NewDesignator=R8
Change Component Designator: OldDesignator=R? NewDesignator=R9
Change Component Designator: OldDesignator=R? NewDesignator=R10
Change Component Designator: OldDesignator=SW? NewDesignator=SW1
Change Component Designator: OldDesignator=SW? NewDesignator=SW2
Change Component Designator: OldDesignator=U? NewDesignator=U1
Change Component Designator: OldDesignator=U? NewDesignator=U2
Change Component Designator: OldDesignator=U? NewDesignator=U3
Change Component Designator: OldDesignator=X? NewDesignator=X1
Change Component Designator: OldDesignator=X? NewDesignator=X2
Added Pin To Net: NetName=3V3 Pin=U1-1
Added Pin To Net: NetName=PC13 Pin=U1-2
Added Pin To Net: NetName=LSE_IN Pin=U1-3
Added Pin To Net: NetName=LSE_OUT Pin=U1-4
Added Pin To Net: NetName=HSE_IN Pin=U1-5
Added Pin To Net: NetName=HSE_OUT Pin=U1-6
Added Pin To Net: NetName=nRST Pin=U1-7
Added Pin To Net: NetName=ENA Pin=U1-10
Added Pin To Net: NetName=ENB Pin=U1-11
Added Pin To Net: NetName=DEBUG_RX Pin=U1-12
Added Pin To Net: NetName=DEBUG_TX Pin=U1-13
Added Pin To Net: NetName=IN1 Pin=U1-19
Added Pin To Net: NetName=OLED_SCL Pin=U1-21
Added Pin To Net: NetName=OLED_SDA Pin=U1-22
Added Pin To Net: NetName=IN2 Pin=U1-26
Added Pin To Net: NetName=IN3 Pin=U1-27
Added Pin To Net: NetName=IN4 Pin=U1-28
Added Pin To Net: NetName=RED Pin=U1-29
Added Pin To Net: NetName=GREEN Pin=U1-30
Added Pin To Net: NetName=BLUE Pin=U1-31
Added Pin To Net: NetName=USB_DM Pin=U1-32
Added Pin To Net: NetName=USB_DP Pin=U1-33
Added Pin To Net: NetName=SWDIO Pin=U1-34
Added Pin To Net: NetName=SWCLK Pin=U1-37
Added Pin To Net: NetName=MPU_SCL Pin=U1-42
Added Pin To Net: NetName=MPU_SDA Pin=U1-43
Added Pin To Net: NetName=BOOT0 Pin=U1-44
Change Net Name : Old Net Name=NetC?_2 New Net Name=NetC13_2
Change Net Name : Old Net Name=NetD?_K New Net Name=NetD1_K
Change Net Name : Old Net Name=NetR?_2 New Net Name=NetR1_2
Added Pin To Net: NetName=NetC15_2 Pin=C15-2
Added Pin To Net: NetName=NetC15_2 Pin=U3-10
Added Net: Name=NetC15_2
Added Pin To Net: NetName=NetD2_K Pin=D2-K
Added Pin To Net: NetName=NetD2_K Pin=R3-2
Added Net: Name=NetD2_K
Added Pin To Net: NetName=NetD3_K Pin=D3-K
Added Pin To Net: NetName=NetD3_K Pin=R9-2
Added Net: Name=NetD3_K
Added Member To Class: ClassName=main Member=Component C1 100nF
Added Member To Class: ClassName=main Member=Component C2 100nF
Added Member To Class: ClassName=main Member=Component C3 100nF
Added Member To Class: ClassName=main Member=Component C4 100nF
Added Member To Class: ClassName=main Member=Component C5 100nF
Added Member To Class: ClassName=main Member=Component C6 1uF
Added Member To Class: ClassName=main Member=Component C7 10uF
Added Member To Class: ClassName=main Member=Component C8 100nF
Added Member To Class: ClassName=main Member=Component C9 100nF
Added Member To Class: ClassName=main Member=Component C11 10pF
Added Member To Class: ClassName=main Member=Component C12 10pF
Added Member To Class: ClassName=main Member=Component C13 2200pF
Added Member To Class: ClassName=main Member=Component C14 0.01uF
Added Member To Class: ClassName=main Member=Component C15 0.1uF
Added Member To Class: ClassName=main Member=Component C16 0.1uF
Added Member To Class: ClassName=main Member=Component C17 10pF
Added Member To Class: ClassName=main Member=Component C18 10pF
Added Member To Class: ClassName=main Member=Component D1 RED
Added Member To Class: ClassName=main Member=Component D2 RED
Added Member To Class: ClassName=main Member=Component J1 OLED
Added Member To Class: ClassName=main Member=Component J3 MOTOR_DRIVER
Added Member To Class: ClassName=main Member=Component J4 POWER
Added Member To Class: ClassName=main Member=Component P2 61300411121
Added Member To Class: ClassName=main Member=Component P3 61900311021
Added Member To Class: ClassName=main Member=Component R1 100K
Added Member To Class: ClassName=main Member=Component R2 R0402
Added Member To Class: ClassName=main Member=Component R3 R0402
Added Member To Class: ClassName=main Member=Component R4 1M
Added Member To Class: ClassName=main Member=Component R6 4.7K
Added Member To Class: ClassName=main Member=Component R7 5.1K
Added Member To Class: ClassName=main Member=Component R8 5.1K
Added Member To Class: ClassName=main Member=Component R9 4.7K
Added Member To Class: ClassName=main Member=Component R10 1M
Added Member To Class: ClassName=main Member=Component SW2 OS102011MA1QN1
Added Member To Class: ClassName=main Member=Component U1 STM32F103C8T6
Added Member To Class: ClassName=main Member=Component U3 MPU-6050
Added Member To Class: ClassName=main Member=Component X2 32.768k
